<?xml version="1.0" encoding="UTF-8"?>
<!-- Generated by org.testng.reporters.JUnitXMLReporter -->
<testsuite hostname="user-PC" ignored="0" name="Test" tests="2" failures="1" timestamp="31 Dec 2020 04:51:12 GMT" time="9.301" errors="0">
  <testcase name="tc_01" time="9.266" classname="JenkinsPratice.P1"/>
  <testcase name="tc_02" time="0.012" classname="JenkinsPratice.P2">
    <failure type="java.lang.AssertionError" message="null">
      <![CDATA[java.lang.AssertionError: null
at JenkinsPratice.P2.tc_02(P2.java:13)
... Removed 26 stack frames]]>
    </failure>
  </testcase> <!-- tc_02 -->
</testsuite> <!-- Test -->
